[sub4link.com/index.html]
[backblue.gif]
[fade.gif]
[index.html]
[sub4link.com/assets/img/favicon.png]
[sub4link.com/assets/img/apple-touch-icon.png]
[cdnjs.cloudflare.com/ajax/libs/font-awesome/5.14.0/css/all.min.css]
[sub4link.com/assets/vendor/bootstrap/css/bootstrap.min.css]
[sub4link.com/assets/vendor/icofont/icofont.min.css]
[sub4link.com/assets/vendor/boxicons/css/boxicons.min.css]
[sub4link.com/assets/vendor/venobox/venobox.css]
[sub4link.com/assets/vendor/remixicon/remixicon.css]
[sub4link.com/assets/vendor/owl.carousel/assets/owl.carousel.min.css]
[sub4link.com/assets/vendor/aos/aos.css]
[sub4link.com/assets/css/style.css]
[sub4link.com/theme/blue-dark/css/home-page.css]
[sub4link.com/script/buy.html]
[raw.githubusercontent.com/solodev/styling-select-boxes/master/select1.png]
[sub4link.com/sub4link.apk]
[sub4link.com/assets/img/details-1.png]
[sub4link.com/assets/img/details-2.png]
[sub4link.com/assets/img/details-3.png]
[sub4link.com/assets/img/testimonials/testimonials-1.jpg]
[sub4link.com/assets/img/testimonials/testimonials-4.jpg]
[sub4link.com/assets/vendor/jquery/jquery.min.js]
[sub4link.com/assets/vendor/bootstrap/js/bootstrap.bundle.min.js]
[sub4link.com/assets/vendor/jquery.easing/jquery.easing.min.js]
[sub4link.com/assets/vendor/php-email-form/validate.js]
[sub4link.com/assets/vendor/venobox/venobox.min.js]
[sub4link.com/assets/vendor/waypoints/jquery.waypoints.min.js]
[sub4link.com/assets/vendor/counterup/counterup.min.js]
[sub4link.com/assets/vendor/owl.carousel/owl.carousel.min.js]
[sub4link.com/assets/vendor/aos/aos.js]
[sub4link.com/index.html]
[cdnjs.cloudflare.com/ajax/libs/font-awesome/5.14.0/css/all.min.css]
[sub4link.com/assets/vendor/bootstrap/css/bootstrap.min.css]
[sub4link.com/assets/js/main.js]
[sub4link.com/assets/vendor/icofont/fonts/icofont.woff2]
[sub4link.com/assets/vendor/icofont/fonts/icofont.woff]
[sub4link.com/assets/vendor/icofont/icofont.min.css]
[sub4link.com/assets/vendor/boxicons/fonts/boxicons.eot]
[sub4link.com/assets/vendor/boxicons/fonts/boxicons.woff2]
[sub4link.com/assets/vendor/boxicons/fonts/boxicons.woff]
[sub4link.com/assets/vendor/boxicons/fonts/boxicons.ttf]
[sub4link.com/assets/vendor/boxicons/css/boxicons.min.css]
[sub4link.com/assets/vendor/venobox/venobox.css]
[sub4link.com/assets/vendor/boxicons/fonts/boxiconsd41d.svg]
[sub4link.com/assets/vendor/remixicon/remixicondf6d.eot]
[sub4link.com/assets/vendor/remixicon/remixicondf6d.woff2]
[sub4link.com/assets/vendor/remixicon/remixicondf6d.woff]
[sub4link.com/assets/vendor/remixicon/remixicondf6d.ttf]
[sub4link.com/assets/vendor/remixicon/remixicon.css]
[sub4link.com/assets/vendor/owl.carousel/assets/owl.video.play.png]
[sub4link.com/assets/vendor/owl.carousel/assets/owl.carousel.min.css]
[sub4link.com/assets/vendor/aos/aos.css]
[sub4link.com/assets/img/hero-bg.jpg]
[sub4link.com/assets/vendor/remixicon/remixicondf6d.svg]
[sub4link.com/assets/img/about.png]
[sub4link.com/assets/css/style.css]
[sub4link.com/assets/img/cta-bg.jpg]
[sub4link.com/theme/blue-dark/css/home-page.css]
[sub4link.com/assets/img/logo (2).png]
[pagead2.googlesyndication.com/pagead/js/fde50.txt]
[polyfill.io/v3/polyfill.minc677.js]
[sub4link.com/cdn-cgi/l/email-protection.html]
[sub4link.com/script/buy.html]
[sub4link.com/assets/vendor/boxicons/fonts/boxiconsd41d.svg]
[sub4link.com/cdn-cgi/scripts/5c5dd728/cloudflare-static/email-decode.min.js]
[telegra.ph/file/75b26d206e4c56710feed.png]
[sub4link.com/assets/vendor/remixicon/remixicondf6d.svg]
[sub4link.com/cdn-cgi/l/email-protection.html]
[code.tidio.co_443/gqbxelguulr0unyszjtuebnd32oncb8m.js]
[sub4link.com/index.php]
